<?xml version="1.0" encoding="UTF-8"?>
<coverage generated="1678694746821" clover="3.2.0">
  <project timestamp="1678694746821" name="All files">
    <metrics statements="36" coveredstatements="35" conditionals="4" coveredconditionals="3" methods="18" coveredmethods="17" elements="58" coveredelements="55" complexity="0" loc="36" ncloc="36" packages="16" files="43" classes="43"/>
    <package name="components.atoms.dateProduct">
      <metrics statements="3" coveredstatements="3" conditionals="0" coveredconditionals="0" methods="1" coveredmethods="1"/>
      <file name="index.tsx" path="/Users/robbertuxx/femsaTest/src/components/atoms/dateProduct/index.tsx">
        <metrics statements="0" coveredstatements="0" conditionals="0" coveredconditionals="0" methods="0" coveredmethods="0"/>
      </file>
      <file name="styles.tsx" path="/Users/robbertuxx/femsaTest/src/components/atoms/dateProduct/styles.tsx">
        <metrics statements="1" coveredstatements="1" conditionals="0" coveredconditionals="0" methods="0" coveredmethods="0"/>
        <line num="5" count="3" type="stmt"/>
      </file>
      <file name="view.tsx" path="/Users/robbertuxx/femsaTest/src/components/atoms/dateProduct/view.tsx">
        <metrics statements="2" coveredstatements="2" conditionals="0" coveredconditionals="0" methods="1" coveredmethods="1"/>
        <line num="5" count="3" type="stmt"/>
        <line num="12" count="24" type="stmt"/>
      </file>
    </package>
    <package name="components.atoms.header">
      <metrics statements="2" coveredstatements="2" conditionals="0" coveredconditionals="0" methods="1" coveredmethods="1"/>
      <file name="index.tsx" path="/Users/robbertuxx/femsaTest/src/components/atoms/header/index.tsx">
        <metrics statements="0" coveredstatements="0" conditionals="0" coveredconditionals="0" methods="0" coveredmethods="0"/>
      </file>
      <file name="styles.tsx" path="/Users/robbertuxx/femsaTest/src/components/atoms/header/styles.tsx">
        <metrics statements="1" coveredstatements="1" conditionals="0" coveredconditionals="0" methods="0" coveredmethods="0"/>
        <line num="5" count="1" type="stmt"/>
      </file>
      <file name="view.tsx" path="/Users/robbertuxx/femsaTest/src/components/atoms/header/view.tsx">
        <metrics statements="1" coveredstatements="1" conditionals="0" coveredconditionals="0" methods="1" coveredmethods="1"/>
        <line num="9" count="2" type="stmt"/>
      </file>
    </package>
    <package name="components.atoms.imageProduct">
      <metrics statements="2" coveredstatements="2" conditionals="0" coveredconditionals="0" methods="1" coveredmethods="1"/>
      <file name="index.tsx" path="/Users/robbertuxx/femsaTest/src/components/atoms/imageProduct/index.tsx">
        <metrics statements="0" coveredstatements="0" conditionals="0" coveredconditionals="0" methods="0" coveredmethods="0"/>
      </file>
      <file name="styles.tsx" path="/Users/robbertuxx/femsaTest/src/components/atoms/imageProduct/styles.tsx">
        <metrics statements="1" coveredstatements="1" conditionals="0" coveredconditionals="0" methods="0" coveredmethods="0"/>
        <line num="4" count="3" type="stmt"/>
      </file>
      <file name="view.tsx" path="/Users/robbertuxx/femsaTest/src/components/atoms/imageProduct/view.tsx">
        <metrics statements="1" coveredstatements="1" conditionals="0" coveredconditionals="0" methods="1" coveredmethods="1"/>
        <line num="9" count="23" type="stmt"/>
      </file>
    </package>
    <package name="components.atoms.imageProductBig">
      <metrics statements="2" coveredstatements="2" conditionals="0" coveredconditionals="0" methods="1" coveredmethods="1"/>
      <file name="index.tsx" path="/Users/robbertuxx/femsaTest/src/components/atoms/imageProductBig/index.tsx">
        <metrics statements="0" coveredstatements="0" conditionals="0" coveredconditionals="0" methods="0" coveredmethods="0"/>
      </file>
      <file name="styles.tsx" path="/Users/robbertuxx/femsaTest/src/components/atoms/imageProductBig/styles.tsx">
        <metrics statements="1" coveredstatements="1" conditionals="0" coveredconditionals="0" methods="0" coveredmethods="0"/>
        <line num="4" count="1" type="stmt"/>
      </file>
      <file name="view.tsx" path="/Users/robbertuxx/femsaTest/src/components/atoms/imageProductBig/view.tsx">
        <metrics statements="1" coveredstatements="1" conditionals="0" coveredconditionals="0" methods="1" coveredmethods="1"/>
        <line num="9" count="1" type="stmt"/>
      </file>
    </package>
    <package name="components.atoms.nameProduct">
      <metrics statements="2" coveredstatements="2" conditionals="0" coveredconditionals="0" methods="1" coveredmethods="1"/>
      <file name="index.tsx" path="/Users/robbertuxx/femsaTest/src/components/atoms/nameProduct/index.tsx">
        <metrics statements="0" coveredstatements="0" conditionals="0" coveredconditionals="0" methods="0" coveredmethods="0"/>
      </file>
      <file name="styles.tsx" path="/Users/robbertuxx/femsaTest/src/components/atoms/nameProduct/styles.tsx">
        <metrics statements="1" coveredstatements="1" conditionals="0" coveredconditionals="0" methods="0" coveredmethods="0"/>
        <line num="5" count="3" type="stmt"/>
      </file>
      <file name="view.tsx" path="/Users/robbertuxx/femsaTest/src/components/atoms/nameProduct/view.tsx">
        <metrics statements="1" coveredstatements="1" conditionals="0" coveredconditionals="0" methods="1" coveredmethods="1"/>
        <line num="10" count="24" type="stmt"/>
      </file>
    </package>
    <package name="components.atoms.priceProduct">
      <metrics statements="2" coveredstatements="2" conditionals="0" coveredconditionals="0" methods="1" coveredmethods="1"/>
      <file name="index.tsx" path="/Users/robbertuxx/femsaTest/src/components/atoms/priceProduct/index.tsx">
        <metrics statements="0" coveredstatements="0" conditionals="0" coveredconditionals="0" methods="0" coveredmethods="0"/>
      </file>
      <file name="styles.tsx" path="/Users/robbertuxx/femsaTest/src/components/atoms/priceProduct/styles.tsx">
        <metrics statements="1" coveredstatements="1" conditionals="0" coveredconditionals="0" methods="0" coveredmethods="0"/>
        <line num="5" count="3" type="stmt"/>
      </file>
      <file name="view.tsx" path="/Users/robbertuxx/femsaTest/src/components/atoms/priceProduct/view.tsx">
        <metrics statements="1" coveredstatements="1" conditionals="0" coveredconditionals="0" methods="1" coveredmethods="1"/>
        <line num="10" count="24" type="stmt"/>
      </file>
    </package>
    <package name="components.atoms.productNameBig">
      <metrics statements="2" coveredstatements="2" conditionals="0" coveredconditionals="0" methods="1" coveredmethods="1"/>
      <file name="index.tsx" path="/Users/robbertuxx/femsaTest/src/components/atoms/productNameBig/index.tsx">
        <metrics statements="0" coveredstatements="0" conditionals="0" coveredconditionals="0" methods="0" coveredmethods="0"/>
      </file>
      <file name="styles.tsx" path="/Users/robbertuxx/femsaTest/src/components/atoms/productNameBig/styles.tsx">
        <metrics statements="1" coveredstatements="1" conditionals="0" coveredconditionals="0" methods="0" coveredmethods="0"/>
        <line num="5" count="1" type="stmt"/>
      </file>
      <file name="view.tsx" path="/Users/robbertuxx/femsaTest/src/components/atoms/productNameBig/view.tsx">
        <metrics statements="1" coveredstatements="1" conditionals="0" coveredconditionals="0" methods="1" coveredmethods="1"/>
        <line num="10" count="2" type="stmt"/>
      </file>
    </package>
    <package name="components.atoms.userName">
      <metrics statements="2" coveredstatements="2" conditionals="0" coveredconditionals="0" methods="1" coveredmethods="1"/>
      <file name="index.tsx" path="/Users/robbertuxx/femsaTest/src/components/atoms/userName/index.tsx">
        <metrics statements="0" coveredstatements="0" conditionals="0" coveredconditionals="0" methods="0" coveredmethods="0"/>
      </file>
      <file name="styles.tsx" path="/Users/robbertuxx/femsaTest/src/components/atoms/userName/styles.tsx">
        <metrics statements="1" coveredstatements="1" conditionals="0" coveredconditionals="0" methods="0" coveredmethods="0"/>
        <line num="5" count="2" type="stmt"/>
      </file>
      <file name="view.tsx" path="/Users/robbertuxx/femsaTest/src/components/atoms/userName/view.tsx">
        <metrics statements="1" coveredstatements="1" conditionals="0" coveredconditionals="0" methods="1" coveredmethods="1"/>
        <line num="10" count="4" type="stmt"/>
      </file>
    </package>
    <package name="components.atoms.welcome">
      <metrics statements="2" coveredstatements="2" conditionals="0" coveredconditionals="0" methods="1" coveredmethods="1"/>
      <file name="index.tsx" path="/Users/robbertuxx/femsaTest/src/components/atoms/welcome/index.tsx">
        <metrics statements="0" coveredstatements="0" conditionals="0" coveredconditionals="0" methods="0" coveredmethods="0"/>
      </file>
      <file name="styles.tsx" path="/Users/robbertuxx/femsaTest/src/components/atoms/welcome/styles.tsx">
        <metrics statements="1" coveredstatements="1" conditionals="0" coveredconditionals="0" methods="0" coveredmethods="0"/>
        <line num="5" count="2" type="stmt"/>
      </file>
      <file name="view.tsx" path="/Users/robbertuxx/femsaTest/src/components/atoms/welcome/view.tsx">
        <metrics statements="1" coveredstatements="1" conditionals="0" coveredconditionals="0" methods="1" coveredmethods="1"/>
        <line num="10" count="4" type="stmt"/>
      </file>
    </package>
    <package name="components.molecules.Score">
      <metrics statements="2" coveredstatements="2" conditionals="0" coveredconditionals="0" methods="1" coveredmethods="1"/>
      <file name="index.tsx" path="/Users/robbertuxx/femsaTest/src/components/molecules/Score/index.tsx">
        <metrics statements="0" coveredstatements="0" conditionals="0" coveredconditionals="0" methods="0" coveredmethods="0"/>
      </file>
      <file name="styles.tsx" path="/Users/robbertuxx/femsaTest/src/components/molecules/Score/styles.tsx">
        <metrics statements="1" coveredstatements="1" conditionals="0" coveredconditionals="0" methods="0" coveredmethods="0"/>
        <line num="5" count="1" type="stmt"/>
      </file>
      <file name="view.tsx" path="/Users/robbertuxx/femsaTest/src/components/molecules/Score/view.tsx">
        <metrics statements="1" coveredstatements="1" conditionals="0" coveredconditionals="0" methods="1" coveredmethods="1"/>
        <line num="10" count="2" type="stmt"/>
      </file>
    </package>
    <package name="components.molecules.button">
      <metrics statements="2" coveredstatements="2" conditionals="2" coveredconditionals="1" methods="1" coveredmethods="1"/>
      <file name="index.tsx" path="/Users/robbertuxx/femsaTest/src/components/molecules/button/index.tsx">
        <metrics statements="0" coveredstatements="0" conditionals="0" coveredconditionals="0" methods="0" coveredmethods="0"/>
      </file>
      <file name="styles.tsx" path="/Users/robbertuxx/femsaTest/src/components/molecules/button/styles.tsx">
        <metrics statements="1" coveredstatements="1" conditionals="0" coveredconditionals="0" methods="0" coveredmethods="0"/>
        <line num="5" count="1" type="stmt"/>
      </file>
      <file name="view.tsx" path="/Users/robbertuxx/femsaTest/src/components/molecules/button/view.tsx">
        <metrics statements="1" coveredstatements="1" conditionals="2" coveredconditionals="1" methods="1" coveredmethods="1"/>
        <line num="13" count="2" type="stmt"/>
      </file>
    </package>
    <package name="components.molecules.product">
      <metrics statements="4" coveredstatements="3" conditionals="2" coveredconditionals="2" methods="2" coveredmethods="1"/>
      <file name="index.tsx" path="/Users/robbertuxx/femsaTest/src/components/molecules/product/index.tsx">
        <metrics statements="0" coveredstatements="0" conditionals="0" coveredconditionals="0" methods="0" coveredmethods="0"/>
      </file>
      <file name="styles.tsx" path="/Users/robbertuxx/femsaTest/src/components/molecules/product/styles.tsx">
        <metrics statements="1" coveredstatements="1" conditionals="0" coveredconditionals="0" methods="0" coveredmethods="0"/>
        <line num="5" count="2" type="stmt"/>
      </file>
      <file name="view.tsx" path="/Users/robbertuxx/femsaTest/src/components/molecules/product/view.tsx">
        <metrics statements="3" coveredstatements="2" conditionals="2" coveredconditionals="2" methods="2" coveredmethods="1"/>
        <line num="22" count="22" type="stmt"/>
        <line num="23" count="22" type="stmt"/>
        <line num="25" count="0" type="stmt"/>
      </file>
    </package>
    <package name="components.molecules.titleWelcome">
      <metrics statements="1" coveredstatements="1" conditionals="0" coveredconditionals="0" methods="1" coveredmethods="1"/>
      <file name="index.tsx" path="/Users/robbertuxx/femsaTest/src/components/molecules/titleWelcome/index.tsx">
        <metrics statements="0" coveredstatements="0" conditionals="0" coveredconditionals="0" methods="0" coveredmethods="0"/>
      </file>
      <file name="view.tsx" path="/Users/robbertuxx/femsaTest/src/components/molecules/titleWelcome/view.tsx">
        <metrics statements="1" coveredstatements="1" conditionals="0" coveredconditionals="0" methods="1" coveredmethods="1"/>
        <line num="7" count="2" type="stmt"/>
      </file>
    </package>
    <package name="components.organisms.listProduct">
      <metrics statements="3" coveredstatements="3" conditionals="0" coveredconditionals="0" methods="2" coveredmethods="2"/>
      <file name="index.tsx" path="/Users/robbertuxx/femsaTest/src/components/organisms/listProduct/index.tsx">
        <metrics statements="0" coveredstatements="0" conditionals="0" coveredconditionals="0" methods="0" coveredmethods="0"/>
      </file>
      <file name="styles.tsx" path="/Users/robbertuxx/femsaTest/src/components/organisms/listProduct/styles.tsx">
        <metrics statements="1" coveredstatements="1" conditionals="0" coveredconditionals="0" methods="0" coveredmethods="0"/>
        <line num="4" count="1" type="stmt"/>
      </file>
      <file name="view.tsx" path="/Users/robbertuxx/femsaTest/src/components/organisms/listProduct/view.tsx">
        <metrics statements="2" coveredstatements="2" conditionals="0" coveredconditionals="0" methods="2" coveredmethods="2"/>
        <line num="12" count="2" type="stmt"/>
        <line num="16" count="20" type="stmt"/>
      </file>
    </package>
    <package name="styles">
      <metrics statements="1" coveredstatements="1" conditionals="0" coveredconditionals="0" methods="0" coveredmethods="0"/>
      <file name="theme.ts" path="/Users/robbertuxx/femsaTest/src/styles/theme.ts">
        <metrics statements="1" coveredstatements="1" conditionals="0" coveredconditionals="0" methods="0" coveredmethods="0"/>
        <line num="1" count="12" type="stmt"/>
      </file>
    </package>
    <package name="utils">
      <metrics statements="4" coveredstatements="4" conditionals="0" coveredconditionals="0" methods="2" coveredmethods="2"/>
      <file name="responsive.tsx" path="/Users/robbertuxx/femsaTest/src/utils/responsive.tsx">
        <metrics statements="4" coveredstatements="4" conditionals="0" coveredconditionals="0" methods="2" coveredmethods="2"/>
        <line num="3" count="14" type="stmt"/>
        <line num="4" count="14" type="stmt"/>
        <line num="7" count="16" type="stmt"/>
        <line num="11" count="38" type="stmt"/>
      </file>
    </package>
  </project>
</coverage>
