{"/Users/robbertuxx/femsaTest/src/components/atoms/dateProduct/index.tsx": {"path":"/Users/robbertuxx/femsaTest/src/components/atoms/dateProduct/index.tsx","statementMap":{},"fnMap":{},"branchMap":{},"s":{},"f":{},"b":{},"_coverageSchema":"1a1c01bbd47fc00a2c39e90264f33305004495a9","hash":"d2f0f9e8308a462ae16bc55d2407ce2f286bdd71"}
,"/Users/robbertuxx/femsaTest/src/components/atoms/dateProduct/styles.tsx": {"path":"/Users/robbertuxx/femsaTest/src/components/atoms/dateProduct/styles.tsx","statementMap":{"0":{"start":{"line":5,"column":22},"end":{"line":12,"column":2}}},"fnMap":{},"branchMap":{},"s":{"0":3},"f":{},"b":{},"_coverageSchema":"1a1c01bbd47fc00a2c39e90264f33305004495a9","hash":"2f349a8cae649ef6698c9334b30d3c882a389d21"}
,"/Users/robbertuxx/femsaTest/src/components/atoms/dateProduct/view.tsx": {"path":"/Users/robbertuxx/femsaTest/src/components/atoms/dateProduct/view.tsx","statementMap":{"0":{"start":{"line":5,"column":0},"end":{"line":5,"column":19}},"1":{"start":{"line":12,"column":4},"end":{"line":14,"column":5}}},"fnMap":{"0":{"name":"DateProduct","decl":{"start":{"line":10,"column":24},"end":{"line":10,"column":35}},"loc":{"start":{"line":10,"column":60},"end":{"line":15,"column":1}},"line":10}},"branchMap":{},"s":{"0":3,"1":24},"f":{"0":24},"b":{},"_coverageSchema":"1a1c01bbd47fc00a2c39e90264f33305004495a9","hash":"8457b3a6d7f30e65273114db3b4ba84b4234667b"}
,"/Users/robbertuxx/femsaTest/src/components/atoms/header/index.tsx": {"path":"/Users/robbertuxx/femsaTest/src/components/atoms/header/index.tsx","statementMap":{},"fnMap":{},"branchMap":{},"s":{},"f":{},"b":{},"_coverageSchema":"1a1c01bbd47fc00a2c39e90264f33305004495a9","hash":"5f8fdf69d7d3eea6a8ef7ed31319e82b4f38850c"}
,"/Users/robbertuxx/femsaTest/src/components/atoms/header/styles.tsx": {"path":"/Users/robbertuxx/femsaTest/src/components/atoms/header/styles.tsx","statementMap":{"0":{"start":{"line":5,"column":22},"end":{"line":14,"column":2}}},"fnMap":{},"branchMap":{},"s":{"0":1},"f":{},"b":{},"_coverageSchema":"1a1c01bbd47fc00a2c39e90264f33305004495a9","hash":"2d707517ba56e8c9dd4faf6e513d35ed55d08e79"}
,"/Users/robbertuxx/femsaTest/src/components/atoms/header/view.tsx": {"path":"/Users/robbertuxx/femsaTest/src/components/atoms/header/view.tsx","statementMap":{"0":{"start":{"line":9,"column":4},"end":{"line":11,"column":5}}},"fnMap":{"0":{"name":"Header","decl":{"start":{"line":8,"column":24},"end":{"line":8,"column":30}},"loc":{"start":{"line":8,"column":50},"end":{"line":12,"column":1}},"line":8}},"branchMap":{},"s":{"0":2},"f":{"0":2},"b":{},"_coverageSchema":"1a1c01bbd47fc00a2c39e90264f33305004495a9","hash":"915e99d36f086cb1beddfe4631bfd9a50599fa50"}
,"/Users/robbertuxx/femsaTest/src/components/atoms/imageProduct/index.tsx": {"path":"/Users/robbertuxx/femsaTest/src/components/atoms/imageProduct/index.tsx","statementMap":{},"fnMap":{},"branchMap":{},"s":{},"f":{},"b":{},"_coverageSchema":"1a1c01bbd47fc00a2c39e90264f33305004495a9","hash":"13f547d44ecbfd938cc7b441255ffb37861ffef3"}
,"/Users/robbertuxx/femsaTest/src/components/atoms/imageProduct/styles.tsx": {"path":"/Users/robbertuxx/femsaTest/src/components/atoms/imageProduct/styles.tsx","statementMap":{"0":{"start":{"line":4,"column":22},"end":{"line":10,"column":2}}},"fnMap":{},"branchMap":{},"s":{"0":3},"f":{},"b":{},"_coverageSchema":"1a1c01bbd47fc00a2c39e90264f33305004495a9","hash":"e6821d177a052f6329ad15e5ac9de6f22d38117e"}
,"/Users/robbertuxx/femsaTest/src/components/atoms/imageProduct/view.tsx": {"path":"/Users/robbertuxx/femsaTest/src/components/atoms/imageProduct/view.tsx","statementMap":{"0":{"start":{"line":9,"column":4},"end":{"line":11,"column":5}}},"fnMap":{"0":{"name":"ImageProduct","decl":{"start":{"line":8,"column":24},"end":{"line":8,"column":36}},"loc":{"start":{"line":8,"column":62},"end":{"line":12,"column":1}},"line":8}},"branchMap":{},"s":{"0":23},"f":{"0":23},"b":{},"_coverageSchema":"1a1c01bbd47fc00a2c39e90264f33305004495a9","hash":"5c2d60125a755074c2ec0d1e2f2ef6e1654f9374"}
,"/Users/robbertuxx/femsaTest/src/components/atoms/imageProductBig/index.tsx": {"path":"/Users/robbertuxx/femsaTest/src/components/atoms/imageProductBig/index.tsx","statementMap":{},"fnMap":{},"branchMap":{},"s":{},"f":{},"b":{},"_coverageSchema":"1a1c01bbd47fc00a2c39e90264f33305004495a9","hash":"47ff451974b17a07c805357e949854b2cfd940bb"}
,"/Users/robbertuxx/femsaTest/src/components/atoms/imageProductBig/styles.tsx": {"path":"/Users/robbertuxx/femsaTest/src/components/atoms/imageProductBig/styles.tsx","statementMap":{"0":{"start":{"line":4,"column":22},"end":{"line":20,"column":2}}},"fnMap":{},"branchMap":{},"s":{"0":1},"f":{},"b":{},"_coverageSchema":"1a1c01bbd47fc00a2c39e90264f33305004495a9","hash":"2b2f22a336a985a89b9a46000de70110fa744d69"}
,"/Users/robbertuxx/femsaTest/src/components/atoms/imageProductBig/view.tsx": {"path":"/Users/robbertuxx/femsaTest/src/components/atoms/imageProductBig/view.tsx","statementMap":{"0":{"start":{"line":9,"column":4},"end":{"line":13,"column":5}}},"fnMap":{"0":{"name":"ImageProductBig","decl":{"start":{"line":8,"column":24},"end":{"line":8,"column":39}},"loc":{"start":{"line":8,"column":68},"end":{"line":14,"column":1}},"line":8}},"branchMap":{},"s":{"0":1},"f":{"0":1},"b":{},"_coverageSchema":"1a1c01bbd47fc00a2c39e90264f33305004495a9","hash":"a5d0d95161b2949af716e70fceb5bdaed843da4e"}
,"/Users/robbertuxx/femsaTest/src/components/atoms/nameProduct/index.tsx": {"path":"/Users/robbertuxx/femsaTest/src/components/atoms/nameProduct/index.tsx","statementMap":{},"fnMap":{},"branchMap":{},"s":{},"f":{},"b":{},"_coverageSchema":"1a1c01bbd47fc00a2c39e90264f33305004495a9","hash":"20de3023fdba59cb6f105978b49eb145efc65300"}
,"/Users/robbertuxx/femsaTest/src/components/atoms/nameProduct/styles.tsx": {"path":"/Users/robbertuxx/femsaTest/src/components/atoms/nameProduct/styles.tsx","statementMap":{"0":{"start":{"line":5,"column":22},"end":{"line":12,"column":2}}},"fnMap":{},"branchMap":{},"s":{"0":3},"f":{},"b":{},"_coverageSchema":"1a1c01bbd47fc00a2c39e90264f33305004495a9","hash":"1211d83ef63d13b1669147d0c960c8f875d3424b"}
,"/Users/robbertuxx/femsaTest/src/components/atoms/nameProduct/view.tsx": {"path":"/Users/robbertuxx/femsaTest/src/components/atoms/nameProduct/view.tsx","statementMap":{"0":{"start":{"line":10,"column":4},"end":{"line":12,"column":5}}},"fnMap":{"0":{"name":"NameProduct","decl":{"start":{"line":8,"column":24},"end":{"line":8,"column":35}},"loc":{"start":{"line":8,"column":60},"end":{"line":13,"column":1}},"line":8}},"branchMap":{},"s":{"0":24},"f":{"0":24},"b":{},"_coverageSchema":"1a1c01bbd47fc00a2c39e90264f33305004495a9","hash":"5fc0682869ab64bb0968e48f7d3002fee3e510c6"}
,"/Users/robbertuxx/femsaTest/src/components/atoms/priceProduct/index.tsx": {"path":"/Users/robbertuxx/femsaTest/src/components/atoms/priceProduct/index.tsx","statementMap":{},"fnMap":{},"branchMap":{},"s":{},"f":{},"b":{},"_coverageSchema":"1a1c01bbd47fc00a2c39e90264f33305004495a9","hash":"3d36a1e402c323c61f7a273140161ea3bc01b5ae"}
,"/Users/robbertuxx/femsaTest/src/components/atoms/priceProduct/styles.tsx": {"path":"/Users/robbertuxx/femsaTest/src/components/atoms/priceProduct/styles.tsx","statementMap":{"0":{"start":{"line":5,"column":22},"end":{"line":14,"column":2}}},"fnMap":{},"branchMap":{},"s":{"0":3},"f":{},"b":{},"_coverageSchema":"1a1c01bbd47fc00a2c39e90264f33305004495a9","hash":"442e5f6cbec603e658d36c45215cac536d148c30"}
,"/Users/robbertuxx/femsaTest/src/components/atoms/priceProduct/view.tsx": {"path":"/Users/robbertuxx/femsaTest/src/components/atoms/priceProduct/view.tsx","statementMap":{"0":{"start":{"line":10,"column":4},"end":{"line":12,"column":5}}},"fnMap":{"0":{"name":"PriceProduct","decl":{"start":{"line":8,"column":24},"end":{"line":8,"column":36}},"loc":{"start":{"line":8,"column":62},"end":{"line":13,"column":1}},"line":8}},"branchMap":{},"s":{"0":24},"f":{"0":24},"b":{},"_coverageSchema":"1a1c01bbd47fc00a2c39e90264f33305004495a9","hash":"330f53ee0f90c2864e381536d438f8bd6491fa4c"}
,"/Users/robbertuxx/femsaTest/src/components/atoms/productNameBig/index.tsx": {"path":"/Users/robbertuxx/femsaTest/src/components/atoms/productNameBig/index.tsx","statementMap":{},"fnMap":{},"branchMap":{},"s":{},"f":{},"b":{},"_coverageSchema":"1a1c01bbd47fc00a2c39e90264f33305004495a9","hash":"57fe8f1070ec272192603164dfaf33d49e604a77"}
,"/Users/robbertuxx/femsaTest/src/components/atoms/productNameBig/styles.tsx": {"path":"/Users/robbertuxx/femsaTest/src/components/atoms/productNameBig/styles.tsx","statementMap":{"0":{"start":{"line":5,"column":22},"end":{"line":12,"column":2}}},"fnMap":{},"branchMap":{},"s":{"0":1},"f":{},"b":{},"_coverageSchema":"1a1c01bbd47fc00a2c39e90264f33305004495a9","hash":"64888e5530c980b121b735424bae2db6ee467953"}
,"/Users/robbertuxx/femsaTest/src/components/atoms/productNameBig/view.tsx": {"path":"/Users/robbertuxx/femsaTest/src/components/atoms/productNameBig/view.tsx","statementMap":{"0":{"start":{"line":10,"column":4},"end":{"line":12,"column":5}}},"fnMap":{"0":{"name":"ProductNameBig","decl":{"start":{"line":8,"column":24},"end":{"line":8,"column":38}},"loc":{"start":{"line":8,"column":66},"end":{"line":13,"column":1}},"line":8}},"branchMap":{},"s":{"0":2},"f":{"0":2},"b":{},"_coverageSchema":"1a1c01bbd47fc00a2c39e90264f33305004495a9","hash":"848bc2f5c3c2948d363c6f9cf805b98be78c5ee9"}
,"/Users/robbertuxx/femsaTest/src/components/atoms/userName/index.tsx": {"path":"/Users/robbertuxx/femsaTest/src/components/atoms/userName/index.tsx","statementMap":{},"fnMap":{},"branchMap":{},"s":{},"f":{},"b":{},"_coverageSchema":"1a1c01bbd47fc00a2c39e90264f33305004495a9","hash":"ecc3c7a2796ac3abf5d5f2356e5e184afc56ac02"}
,"/Users/robbertuxx/femsaTest/src/components/atoms/userName/styles.tsx": {"path":"/Users/robbertuxx/femsaTest/src/components/atoms/userName/styles.tsx","statementMap":{"0":{"start":{"line":5,"column":22},"end":{"line":12,"column":2}}},"fnMap":{},"branchMap":{},"s":{"0":2},"f":{},"b":{},"_coverageSchema":"1a1c01bbd47fc00a2c39e90264f33305004495a9","hash":"65ae0e5a151fc1411b5f75870503d90173ee0d45"}
,"/Users/robbertuxx/femsaTest/src/components/atoms/userName/view.tsx": {"path":"/Users/robbertuxx/femsaTest/src/components/atoms/userName/view.tsx","statementMap":{"0":{"start":{"line":10,"column":4},"end":{"line":12,"column":5}}},"fnMap":{"0":{"name":"UserName","decl":{"start":{"line":8,"column":24},"end":{"line":8,"column":32}},"loc":{"start":{"line":8,"column":54},"end":{"line":13,"column":1}},"line":8}},"branchMap":{},"s":{"0":4},"f":{"0":4},"b":{},"_coverageSchema":"1a1c01bbd47fc00a2c39e90264f33305004495a9","hash":"3274e8745117216b07f5289a9fd4513f13f06594"}
,"/Users/robbertuxx/femsaTest/src/components/atoms/welcome/index.tsx": {"path":"/Users/robbertuxx/femsaTest/src/components/atoms/welcome/index.tsx","statementMap":{},"fnMap":{},"branchMap":{},"s":{},"f":{},"b":{},"_coverageSchema":"1a1c01bbd47fc00a2c39e90264f33305004495a9","hash":"1cd2a36b9291655a5a8dbddacfa4d6764e4d7448"}
,"/Users/robbertuxx/femsaTest/src/components/atoms/welcome/styles.tsx": {"path":"/Users/robbertuxx/femsaTest/src/components/atoms/welcome/styles.tsx","statementMap":{"0":{"start":{"line":5,"column":22},"end":{"line":12,"column":2}}},"fnMap":{},"branchMap":{},"s":{"0":2},"f":{},"b":{},"_coverageSchema":"1a1c01bbd47fc00a2c39e90264f33305004495a9","hash":"a4cd03fa41be05423a7dacce2a89ede387f8a26d"}
,"/Users/robbertuxx/femsaTest/src/components/atoms/welcome/view.tsx": {"path":"/Users/robbertuxx/femsaTest/src/components/atoms/welcome/view.tsx","statementMap":{"0":{"start":{"line":10,"column":4},"end":{"line":12,"column":5}}},"fnMap":{"0":{"name":"Welcome","decl":{"start":{"line":8,"column":24},"end":{"line":8,"column":31}},"loc":{"start":{"line":8,"column":52},"end":{"line":13,"column":1}},"line":8}},"branchMap":{},"s":{"0":4},"f":{"0":4},"b":{},"_coverageSchema":"1a1c01bbd47fc00a2c39e90264f33305004495a9","hash":"d6af2a2755819169b95e23d56d3ffff22036093c"}
,"/Users/robbertuxx/femsaTest/src/components/molecules/Score/index.tsx": {"path":"/Users/robbertuxx/femsaTest/src/components/molecules/Score/index.tsx","statementMap":{},"fnMap":{},"branchMap":{},"s":{},"f":{},"b":{},"_coverageSchema":"1a1c01bbd47fc00a2c39e90264f33305004495a9","hash":"5d441f29527bdee07f13bb23f83df4b2f7fbdb4e"}
,"/Users/robbertuxx/femsaTest/src/components/molecules/Score/styles.tsx": {"path":"/Users/robbertuxx/femsaTest/src/components/molecules/Score/styles.tsx","statementMap":{"0":{"start":{"line":5,"column":22},"end":{"line":37,"column":2}}},"fnMap":{},"branchMap":{},"s":{"0":1},"f":{},"b":{},"_coverageSchema":"1a1c01bbd47fc00a2c39e90264f33305004495a9","hash":"03031a37f2af09ee84b3cbb213e248725939996a"}
,"/Users/robbertuxx/femsaTest/src/components/molecules/Score/view.tsx": {"path":"/Users/robbertuxx/femsaTest/src/components/molecules/Score/view.tsx","statementMap":{"0":{"start":{"line":10,"column":4},"end":{"line":15,"column":5}}},"fnMap":{"0":{"name":"Score","decl":{"start":{"line":9,"column":24},"end":{"line":9,"column":29}},"loc":{"start":{"line":9,"column":49},"end":{"line":16,"column":1}},"line":9}},"branchMap":{},"s":{"0":2},"f":{"0":2},"b":{},"_coverageSchema":"1a1c01bbd47fc00a2c39e90264f33305004495a9","hash":"78a9bb584a94fb4037437c9e14adaaa13251bcdb"}
,"/Users/robbertuxx/femsaTest/src/components/molecules/button/index.tsx": {"path":"/Users/robbertuxx/femsaTest/src/components/molecules/button/index.tsx","statementMap":{},"fnMap":{},"branchMap":{},"s":{},"f":{},"b":{},"_coverageSchema":"1a1c01bbd47fc00a2c39e90264f33305004495a9","hash":"ef643746382eccd1faa4c53eeb4574258a592e93"}
,"/Users/robbertuxx/femsaTest/src/components/molecules/button/styles.tsx": {"path":"/Users/robbertuxx/femsaTest/src/components/molecules/button/styles.tsx","statementMap":{"0":{"start":{"line":5,"column":22},"end":{"line":21,"column":2}}},"fnMap":{},"branchMap":{},"s":{"0":1},"f":{},"b":{},"_coverageSchema":"1a1c01bbd47fc00a2c39e90264f33305004495a9","hash":"c090b58af59ff1cff0b326560e7b8221cb94828b"}
,"/Users/robbertuxx/femsaTest/src/components/molecules/button/view.tsx": {"path":"/Users/robbertuxx/femsaTest/src/components/molecules/button/view.tsx","statementMap":{"0":{"start":{"line":13,"column":4},"end":{"line":19,"column":5}}},"fnMap":{"0":{"name":"Button","decl":{"start":{"line":12,"column":24},"end":{"line":12,"column":30}},"loc":{"start":{"line":12,"column":51},"end":{"line":20,"column":1}},"line":12}},"branchMap":{"0":{"loc":{"start":{"line":14,"column":52},"end":{"line":16,"column":16}},"type":"cond-expr","locations":[{"start":{"line":14,"column":64},"end":{"line":16,"column":9}},{"start":{"line":16,"column":12},"end":{"line":16,"column":16}}],"line":14}},"s":{"0":2},"f":{"0":2},"b":{"0":[2,0]},"_coverageSchema":"1a1c01bbd47fc00a2c39e90264f33305004495a9","hash":"5c3688ded9c989080bbb81dec0633fed8abc2bfe"}
,"/Users/robbertuxx/femsaTest/src/components/molecules/product/index.tsx": {"path":"/Users/robbertuxx/femsaTest/src/components/molecules/product/index.tsx","statementMap":{},"fnMap":{},"branchMap":{},"s":{},"f":{},"b":{},"_coverageSchema":"1a1c01bbd47fc00a2c39e90264f33305004495a9","hash":"5653c3766f61b8fe16494d6d70205db8865d1e42"}
,"/Users/robbertuxx/femsaTest/src/components/molecules/product/styles.tsx": {"path":"/Users/robbertuxx/femsaTest/src/components/molecules/product/styles.tsx","statementMap":{"0":{"start":{"line":5,"column":22},"end":{"line":23,"column":2}}},"fnMap":{},"branchMap":{},"s":{"0":2},"f":{},"b":{},"_coverageSchema":"1a1c01bbd47fc00a2c39e90264f33305004495a9","hash":"7aa558a924bd208e9afc32c8c4cd032a9912f6ba"}
,"/Users/robbertuxx/femsaTest/src/components/molecules/product/view.tsx": {"path":"/Users/robbertuxx/femsaTest/src/components/molecules/product/view.tsx","statementMap":{"0":{"start":{"line":22,"column":23},"end":{"line":22,"column":38}},"1":{"start":{"line":23,"column":4},"end":{"line":40,"column":5}},"2":{"start":{"line":25,"column":41},"end":{"line":25,"column":97}}},"fnMap":{"0":{"name":"Product","decl":{"start":{"line":21,"column":24},"end":{"line":21,"column":31}},"loc":{"start":{"line":21,"column":53},"end":{"line":41,"column":1}},"line":21},"1":{"name":"(anonymous_1)","decl":{"start":{"line":25,"column":35},"end":{"line":25,"column":36}},"loc":{"start":{"line":25,"column":41},"end":{"line":25,"column":97}},"line":25}},"branchMap":{"0":{"loc":{"start":{"line":32,"column":16},"end":{"line":35,"column":58}},"type":"cond-expr","locations":[{"start":{"line":33,"column":20},"end":{"line":33,"column":58}},{"start":{"line":35,"column":20},"end":{"line":35,"column":58}}],"line":32}},"s":{"0":22,"1":22,"2":0},"f":{"0":22,"1":0},"b":{"0":[10,12]},"_coverageSchema":"1a1c01bbd47fc00a2c39e90264f33305004495a9","hash":"5286cba9cb96979940e7912c4b45c7d3cc73c364"}
,"/Users/robbertuxx/femsaTest/src/components/molecules/titleWelcome/index.tsx": {"path":"/Users/robbertuxx/femsaTest/src/components/molecules/titleWelcome/index.tsx","statementMap":{},"fnMap":{},"branchMap":{},"s":{},"f":{},"b":{},"_coverageSchema":"1a1c01bbd47fc00a2c39e90264f33305004495a9","hash":"104e9aa2996e9fdb4a33543b5b8309dea9cd2ef1"}
,"/Users/robbertuxx/femsaTest/src/components/molecules/titleWelcome/view.tsx": {"path":"/Users/robbertuxx/femsaTest/src/components/molecules/titleWelcome/view.tsx","statementMap":{"0":{"start":{"line":7,"column":4},"end":{"line":12,"column":5}}},"fnMap":{"0":{"name":"TitleWelcome","decl":{"start":{"line":6,"column":24},"end":{"line":6,"column":36}},"loc":{"start":{"line":6,"column":38},"end":{"line":13,"column":1}},"line":6}},"branchMap":{},"s":{"0":2},"f":{"0":2},"b":{},"_coverageSchema":"1a1c01bbd47fc00a2c39e90264f33305004495a9","hash":"9578fa35d5fea7aacf0d2811b0d715cf65cfb85e"}
,"/Users/robbertuxx/femsaTest/src/components/organisms/listProduct/index.tsx": {"path":"/Users/robbertuxx/femsaTest/src/components/organisms/listProduct/index.tsx","statementMap":{},"fnMap":{},"branchMap":{},"s":{},"f":{},"b":{},"_coverageSchema":"1a1c01bbd47fc00a2c39e90264f33305004495a9","hash":"b0deaa957b6585ece8ea0cb0396e5d4e48643d16"}
,"/Users/robbertuxx/femsaTest/src/components/organisms/listProduct/styles.tsx": {"path":"/Users/robbertuxx/femsaTest/src/components/organisms/listProduct/styles.tsx","statementMap":{"0":{"start":{"line":4,"column":22},"end":{"line":13,"column":2}}},"fnMap":{},"branchMap":{},"s":{"0":1},"f":{},"b":{},"_coverageSchema":"1a1c01bbd47fc00a2c39e90264f33305004495a9","hash":"f8eab50ce2e087f05bc7881f1dc2c4653163f97d"}
,"/Users/robbertuxx/femsaTest/src/components/organisms/listProduct/view.tsx": {"path":"/Users/robbertuxx/femsaTest/src/components/organisms/listProduct/view.tsx","statementMap":{"0":{"start":{"line":12,"column":4},"end":{"line":18,"column":5}},"1":{"start":{"line":16,"column":42},"end":{"line":16,"column":67}}},"fnMap":{"0":{"name":"ListProduct","decl":{"start":{"line":10,"column":24},"end":{"line":10,"column":35}},"loc":{"start":{"line":10,"column":61},"end":{"line":19,"column":1}},"line":10},"1":{"name":"(anonymous_1)","decl":{"start":{"line":16,"column":30},"end":{"line":16,"column":31}},"loc":{"start":{"line":16,"column":42},"end":{"line":16,"column":67}},"line":16}},"branchMap":{},"s":{"0":2,"1":20},"f":{"0":2,"1":20},"b":{},"_coverageSchema":"1a1c01bbd47fc00a2c39e90264f33305004495a9","hash":"4069dd0e326c5715d60069de3c51e2f659c9bd11"}
,"/Users/robbertuxx/femsaTest/src/styles/theme.ts": {"path":"/Users/robbertuxx/femsaTest/src/styles/theme.ts","statementMap":{"0":{"start":{"line":1,"column":22},"end":{"line":11,"column":1}}},"fnMap":{},"branchMap":{},"s":{"0":12},"f":{},"b":{},"_coverageSchema":"1a1c01bbd47fc00a2c39e90264f33305004495a9","hash":"be8668c4ad4df218480adb88afaa36e03e57a285"}
,"/Users/robbertuxx/femsaTest/src/utils/responsive.tsx": {"path":"/Users/robbertuxx/femsaTest/src/utils/responsive.tsx","statementMap":{"0":{"start":{"line":3,"column":14},"end":{"line":3,"column":17}},"1":{"start":{"line":4,"column":15},"end":{"line":4,"column":18}},"2":{"start":{"line":7,"column":4},"end":{"line":7,"column":37}},"3":{"start":{"line":11,"column":4},"end":{"line":11,"column":39}}},"fnMap":{"0":{"name":"widthResponsive","decl":{"start":{"line":6,"column":16},"end":{"line":6,"column":31}},"loc":{"start":{"line":6,"column":47},"end":{"line":8,"column":1}},"line":6},"1":{"name":"heightResponsive","decl":{"start":{"line":10,"column":16},"end":{"line":10,"column":32}},"loc":{"start":{"line":10,"column":49},"end":{"line":12,"column":1}},"line":10}},"branchMap":{},"s":{"0":14,"1":14,"2":16,"3":38},"f":{"0":16,"1":38},"b":{},"_coverageSchema":"1a1c01bbd47fc00a2c39e90264f33305004495a9","hash":"139c6a1a686520b369bf7b21ba66332131ca02c8"}
}
