TN:
SF:src/components/atoms/dateProduct/index.tsx
FNF:0
FNH:0
LF:0
LH:0
BRF:0
BRH:0
end_of_record
TN:
SF:src/components/atoms/dateProduct/styles.tsx
FNF:0
FNH:0
DA:5,3
LF:1
LH:1
BRF:0
BRH:0
end_of_record
TN:
SF:src/components/atoms/dateProduct/view.tsx
FN:10,DateProduct
FNF:1
FNH:1
FNDA:24,DateProduct
DA:5,3
DA:12,24
LF:2
LH:2
BRF:0
BRH:0
end_of_record
TN:
SF:src/components/atoms/header/index.tsx
FNF:0
FNH:0
LF:0
LH:0
BRF:0
BRH:0
end_of_record
TN:
SF:src/components/atoms/header/styles.tsx
FNF:0
FNH:0
DA:5,1
LF:1
LH:1
BRF:0
BRH:0
end_of_record
TN:
SF:src/components/atoms/header/view.tsx
FN:8,Header
FNF:1
FNH:1
FNDA:2,Header
DA:9,2
LF:1
LH:1
BRF:0
BRH:0
end_of_record
TN:
SF:src/components/atoms/imageProduct/index.tsx
FNF:0
FNH:0
LF:0
LH:0
BRF:0
BRH:0
end_of_record
TN:
SF:src/components/atoms/imageProduct/styles.tsx
FNF:0
FNH:0
DA:4,3
LF:1
LH:1
BRF:0
BRH:0
end_of_record
TN:
SF:src/components/atoms/imageProduct/view.tsx
FN:8,ImageProduct
FNF:1
FNH:1
FNDA:23,ImageProduct
DA:9,23
LF:1
LH:1
BRF:0
BRH:0
end_of_record
TN:
SF:src/components/atoms/imageProductBig/index.tsx
FNF:0
FNH:0
LF:0
LH:0
BRF:0
BRH:0
end_of_record
TN:
SF:src/components/atoms/imageProductBig/styles.tsx
FNF:0
FNH:0
DA:4,1
LF:1
LH:1
BRF:0
BRH:0
end_of_record
TN:
SF:src/components/atoms/imageProductBig/view.tsx
FN:8,ImageProductBig
FNF:1
FNH:1
FNDA:1,ImageProductBig
DA:9,1
LF:1
LH:1
BRF:0
BRH:0
end_of_record
TN:
SF:src/components/atoms/nameProduct/index.tsx
FNF:0
FNH:0
LF:0
LH:0
BRF:0
BRH:0
end_of_record
TN:
SF:src/components/atoms/nameProduct/styles.tsx
FNF:0
FNH:0
DA:5,3
LF:1
LH:1
BRF:0
BRH:0
end_of_record
TN:
SF:src/components/atoms/nameProduct/view.tsx
FN:8,NameProduct
FNF:1
FNH:1
FNDA:24,NameProduct
DA:10,24
LF:1
LH:1
BRF:0
BRH:0
end_of_record
TN:
SF:src/components/atoms/priceProduct/index.tsx
FNF:0
FNH:0
LF:0
LH:0
BRF:0
BRH:0
end_of_record
TN:
SF:src/components/atoms/priceProduct/styles.tsx
FNF:0
FNH:0
DA:5,3
LF:1
LH:1
BRF:0
BRH:0
end_of_record
TN:
SF:src/components/atoms/priceProduct/view.tsx
FN:8,PriceProduct
FNF:1
FNH:1
FNDA:24,PriceProduct
DA:10,24
LF:1
LH:1
BRF:0
BRH:0
end_of_record
TN:
SF:src/components/atoms/productNameBig/index.tsx
FNF:0
FNH:0
LF:0
LH:0
BRF:0
BRH:0
end_of_record
TN:
SF:src/components/atoms/productNameBig/styles.tsx
FNF:0
FNH:0
DA:5,1
LF:1
LH:1
BRF:0
BRH:0
end_of_record
TN:
SF:src/components/atoms/productNameBig/view.tsx
FN:8,ProductNameBig
FNF:1
FNH:1
FNDA:2,ProductNameBig
DA:10,2
LF:1
LH:1
BRF:0
BRH:0
end_of_record
TN:
SF:src/components/atoms/userName/index.tsx
FNF:0
FNH:0
LF:0
LH:0
BRF:0
BRH:0
end_of_record
TN:
SF:src/components/atoms/userName/styles.tsx
FNF:0
FNH:0
DA:5,2
LF:1
LH:1
BRF:0
BRH:0
end_of_record
TN:
SF:src/components/atoms/userName/view.tsx
FN:8,UserName
FNF:1
FNH:1
FNDA:4,UserName
DA:10,4
LF:1
LH:1
BRF:0
BRH:0
end_of_record
TN:
SF:src/components/atoms/welcome/index.tsx
FNF:0
FNH:0
LF:0
LH:0
BRF:0
BRH:0
end_of_record
TN:
SF:src/components/atoms/welcome/styles.tsx
FNF:0
FNH:0
DA:5,2
LF:1
LH:1
BRF:0
BRH:0
end_of_record
TN:
SF:src/components/atoms/welcome/view.tsx
FN:8,Welcome
FNF:1
FNH:1
FNDA:4,Welcome
DA:10,4
LF:1
LH:1
BRF:0
BRH:0
end_of_record
TN:
SF:src/components/molecules/Score/index.tsx
FNF:0
FNH:0
LF:0
LH:0
BRF:0
BRH:0
end_of_record
TN:
SF:src/components/molecules/Score/styles.tsx
FNF:0
FNH:0
DA:5,1
LF:1
LH:1
BRF:0
BRH:0
end_of_record
TN:
SF:src/components/molecules/Score/view.tsx
FN:9,Score
FNF:1
FNH:1
FNDA:2,Score
DA:10,2
LF:1
LH:1
BRF:0
BRH:0
end_of_record
TN:
SF:src/components/molecules/button/index.tsx
FNF:0
FNH:0
LF:0
LH:0
BRF:0
BRH:0
end_of_record
TN:
SF:src/components/molecules/button/styles.tsx
FNF:0
FNH:0
DA:5,1
LF:1
LH:1
BRF:0
BRH:0
end_of_record
TN:
SF:src/components/molecules/button/view.tsx
FN:12,Button
FNF:1
FNH:1
FNDA:2,Button
DA:13,2
LF:1
LH:1
BRDA:14,0,0,2
BRDA:14,0,1,0
BRF:2
BRH:1
end_of_record
TN:
SF:src/components/molecules/product/index.tsx
FNF:0
FNH:0
LF:0
LH:0
BRF:0
BRH:0
end_of_record
TN:
SF:src/components/molecules/product/styles.tsx
FNF:0
FNH:0
DA:5,2
LF:1
LH:1
BRF:0
BRH:0
end_of_record
TN:
SF:src/components/molecules/product/view.tsx
FN:21,Product
FN:25,(anonymous_1)
FNF:2
FNH:1
FNDA:22,Product
FNDA:0,(anonymous_1)
DA:22,22
DA:23,22
DA:25,0
LF:3
LH:2
BRDA:32,0,0,10
BRDA:32,0,1,12
BRF:2
BRH:2
end_of_record
TN:
SF:src/components/molecules/titleWelcome/index.tsx
FNF:0
FNH:0
LF:0
LH:0
BRF:0
BRH:0
end_of_record
TN:
SF:src/components/molecules/titleWelcome/view.tsx
FN:6,TitleWelcome
FNF:1
FNH:1
FNDA:2,TitleWelcome
DA:7,2
LF:1
LH:1
BRF:0
BRH:0
end_of_record
TN:
SF:src/components/organisms/listProduct/index.tsx
FNF:0
FNH:0
LF:0
LH:0
BRF:0
BRH:0
end_of_record
TN:
SF:src/components/organisms/listProduct/styles.tsx
FNF:0
FNH:0
DA:4,1
LF:1
LH:1
BRF:0
BRH:0
end_of_record
TN:
SF:src/components/organisms/listProduct/view.tsx
FN:10,ListProduct
FN:16,(anonymous_1)
FNF:2
FNH:2
FNDA:2,ListProduct
FNDA:20,(anonymous_1)
DA:12,2
DA:16,20
LF:2
LH:2
BRF:0
BRH:0
end_of_record
TN:
SF:src/styles/theme.ts
FNF:0
FNH:0
DA:1,12
LF:1
LH:1
BRF:0
BRH:0
end_of_record
TN:
SF:src/utils/responsive.tsx
FN:6,widthResponsive
FN:10,heightResponsive
FNF:2
FNH:2
FNDA:16,widthResponsive
FNDA:38,heightResponsive
DA:3,14
DA:4,14
DA:7,16
DA:11,38
LF:4
LH:4
BRF:0
BRH:0
end_of_record
